1's current epoch: 0
1's current chunk: 0
2's current epoch: 0
3's current epoch: 0
2's current chunk: 0
3's current chunk: 0
1: 
2: 
3: 
load chunk: 1-0
load chunk: 3-0
1's current chunk: 1
3's current chunk: 1
1: 0, 
2: 
3: 0, 
load chunk: 2-0
load chunk: 3-1
3's current chunk: 2
1: 0, 
2: 0, 
3: 0, 1, 
load chunk: 2-1
load chunk: 1-1
2's current chunk: 1
1's current chunk: 2
2's current chunk: 2
1: 0, 1, 
2: 0, 1, 
3: 0, 1, 
load chunk: 3-2
load chunk: 2-2
2's current chunk: 3
3's current chunk: 3
1: 0, 1, 
2: 0, 1, 2, 
3: 0, 1, 2, 
load chunk: 1-2
load chunk: 3-3
3's current chunk: 4
1's current chunk: 3
1: 0, 1, 2, 
2: 0, 1, 2, 
3: 0, 1, 2, 3, 
load chunk: 2-3
load chunk: 3-4
2's current chunk: 4
3's current chunk: 5
1: 0, 1, 2, 
2: 0, 1, 2, 3, 
3: 0, 1, 2, 3, 4, 
load chunk: 1-3
load chunk: 3-5
1's current chunk: 4
3's current chunk: 6
1: 0, 1, 2, 3, 
2: 0, 1, 2, 3, 
3: 0, 1, 2, 3, 4, 5, 
load chunk: 2-4
load chunk: 1-4
1: 0, 1, 2, 3, 4, 
2: 0, 1, 2, 3, 4, 
3: 0, 1, 2, 3, 4, 5, 
load chunk: 2-5
load chunk: 3-6
1's current chunk: 5
2's current chunk: 5
3's current chunk: 7
2's current chunk: 6
1: 0, 1, 2, 3, 4, 
2: 0, 1, 2, 3, 4, 5, 
3: 0, 1, 2, 3, 4, 5, 6, 
load chunk: 1-5
load chunk: 2-6
1's current chunk: 6
2's current chunk: 7
1: 0, 1, 2, 3, 4, 5, 
2: 0, 1, 2, 3, 4, 5, 6, 
3: 0, 1, 2, 3, 4, 5, 6, 
load chunk: 3-7
load chunk: 1-6
3's current chunk: 8
1's current chunk: 7
1: 0, 1, 2, 3, 4, 5, 6, 
2: 0, 1, 2, 3, 4, 5, 6, 
3: 0, 1, 2, 3, 4, 5, 6, 7, 
load chunk: 2-7
load chunk: 3-8
3's current chunk: 9
2's current chunk: 8
1: 0, 1, 2, 3, 4, 5, 6, 
2: 0, 1, 2, 3, 4, 5, 6, 7, 
3: 0, 1, 2, 3, 4, 5, 6, 7, 8, 
load chunk: 1-7
load chunk: 3-9
1's current chunk: 8
3's current chunk: 10
1: 0, 1, 2, 3, 4, 5, 6, 7, 
2: 0, 1, 2, 3, 4, 5, 6, 7, 
3: 0, 1, 2, 3, 4, 5, 6, 7, 8, 9, 
load chunk: 2-8
load chunk: 3-10
2's current chunk: 9
1: 0, 1, 2, 3, 4, 5, 6, 7, 
2: 0, 1, 2, 3, 4, 5, 6, 7, 8, 
3: 0, 1, 2, 3, 4, 5, 6, 7, 8, 9, 10, 
load chunk: 1-8
load chunk: 3-11
3's current chunk: 11
1's current chunk: 9
3's current epoch: 1
3's current chunk: 0
1: 0, 1, 2, 3, 4, 5, 6, 7, 8, 
2: 0, 1, 2, 3, 4, 5, 6, 7, 8, 
3: 0, 1, 2, 3, 4, 5, 6, 7, 8, 9, 10, 11, 
load chunk: 2-9
load chunk: 1-9
3's current chunk: 1
3's current chunk: 2
3's current chunk: 3
3's current chunk: 4
2's current chunk: 10
1: 0, 1, 2, 3, 4, 5, 6, 7, 8, 9, 
2: 0, 1, 2, 3, 4, 5, 6, 9, 
3: 0, 1, 2, 3, 4, 5, 6, 7, 8, 9, 10, 11, 
load chunk: 1-10
1's current chunk: 10
load chunk: 2-10
3's current chunk: 5
3's current chunk: 6
3's current chunk: 7
1's current chunk: 11
2's current chunk: 11
1: 0, 1, 2, 3, 4, 5, 6, 7, 8, 9, 10, 
2: 0, 1, 2, 3, 4, 5, 6, 9, 10, 
3: 0, 1, 4, 5, 6, 7, 8, 9, 10, 11, 
load chunk: 2-11
load chunk: 1-11
3's current chunk: 8
3's current chunk: 9
3's current chunk: 10
3's current chunk: 11
1's current chunk: 12
2's current chunk: 12
1: 0, 1, 2, 3, 4, 5, 6, 7, 8, 9, 10, 11, 
2: 0, 1, 2, 3, 4, 5, 6, 11, 
3: 0, 1, 4, 5, 6, 7, 8, 9, 10, 11, 
load chunk: 2-12
load chunk: 1-12
3's current epoch: 2
3's current chunk: 0
3's current chunk: 1
3's current chunk: 4
3's current chunk: 5
1's current chunk: 13
2's current chunk: 13
1: 0, 1, 2, 3, 4, 5, 6, 7, 8, 9, 10, 11, 12, 
2: 0, 1, 2, 3, 4, 5, 6, 12, 
3: 0, 1, 4, 5, 6, 7, 8, 9, 11, 
load chunk: 2-13
load chunk: 1-13
3's current chunk: 6
3's current chunk: 7
3's current chunk: 8
3's current chunk: 9
2's current chunk: 14
1's current chunk: 14
1: 0, 1, 2, 3, 4, 5, 6, 7, 8, 9, 10, 11, 12, 13, 
2: 0, 1, 2, 3, 4, 5, 6, 12, 13, 
3: 0, 5, 6, 7, 8, 9, 11, 
load chunk: 2-14
load chunk: 1-14
3's current chunk: 11
3's current chunk: 2
1's current chunk: 15
2's current epoch: 1
2's current chunk: 0
1: 0, 1, 2, 3, 4, 5, 6, 7, 8, 9, 10, 11, 12, 14, 
2: 0, 1, 2, 3, 4, 5, 6, 12, 13, 14, 
3: 0, 5, 6, 7, 9, 11, 
load chunk: 3-2
load chunk: 1-15
2's current chunk: 1
2's current chunk: 2
2's current chunk: 3
2's current chunk: 4
2's current chunk: 5
3's current chunk: 3
1's current chunk: 16
1: 0, 1, 2, 3, 4, 5, 6, 7, 8, 9, 10, 11, 12, 15, 
2: 0, 1, 2, 3, 4, 5, 6, 12, 13, 14, 
3: 0, 2, 5, 6, 7, 9, 
load chunk: 3-3
load chunk: 1-16
2's current chunk: 6
2's current chunk: 12
2's current chunk: 13
2's current chunk: 14
2's current chunk: 7
3's current chunk: 10
1's current chunk: 17
1: 0, 1, 2, 3, 4, 5, 6, 7, 8, 9, 10, 11, 12, 15, 16, 
2: 0, 1, 2, 5, 6, 12, 13, 14, 
3: 0, 2, 3, 5, 6, 7, 9, 
load chunk: 2-7
load chunk: 3-10
2's current chunk: 8
3's current epoch: 3
3's current chunk: 0
1: 0, 1, 2, 3, 4, 5, 6, 7, 8, 9, 10, 11, 12, 15, 16, 
2: 0, 1, 2, 5, 6, 7, 12, 
3: 0, 2, 3, 5, 6, 7, 9, 10, 
load chunk: 1-17
load chunk: 2-8
3's current chunk: 2
3's current chunk: 3
3's current chunk: 5
3's current chunk: 6
1's current chunk: 18
2's current chunk: 9
1: 0, 1, 2, 3, 4, 5, 6, 7, 8, 9, 10, 11, 12, 15, 16, 17, 
2: 0, 1, 2, 5, 6, 8, 
3: 0, 2, 3, 5, 6, 7, 9, 10, 
load chunk: 1-18
load chunk: 2-9
3's current chunk: 7
3's current chunk: 9
3's current chunk: 10
3's current chunk: 1
2's current chunk: 10
1's current chunk: 19
1: 0, 1, 2, 3, 4, 5, 6, 7, 8, 9, 10, 11, 12, 15, 16, 17, 18, 
2: 0, 1, 2, 5, 6, 8, 9, 
3: 0, 2, 6, 7, 9, 10, 
load chunk: 3-1
load chunk: 1-19
3's current chunk: 4
1's current epoch: 1
1's current chunk: 0
1: 0, 1, 2, 3, 4, 5, 6, 7, 8, 9, 10, 11, 12, 15, 16, 17, 18, 19, 
2: 0, 1, 2, 5, 6, 8, 9, 
3: 0, 1, 2, 6, 7, 
load chunk: 2-10
load chunk: 3-4
1's current chunk: 1
1's current chunk: 2
1's current chunk: 3
1's current chunk: 4
1's current chunk: 5
1's current chunk: 6
1's current chunk: 7
1's current chunk: 8
1's current chunk: 9
1's current chunk: 10
1: 0, 1, 2, 3, 4, 5, 6, 7, 8, 9, 10, 11, 12, 15, 16, 17, 18, 19, 
2: 0, 1, 2, 5, 6, 8, 10, 
3: 0, 1, 2, 4, 6, 
2's current chunk: 11
3's current chunk: 8
load chunk: 2-11
load chunk: 3-8
1's current chunk: 11
1's current chunk: 12
1's current chunk: 15
1's current chunk: 16
1's current chunk: 17
1's current chunk: 18
1's current chunk: 19
1's current chunk: 13
3's current chunk: 11
2's current epoch: 2
2's current chunk: 0
1: 0, 1, 2, 3, 4, 5, 6, 7, 10, 11, 12, 15, 16, 17, 18, 19, 
2: 0, 1, 2, 5, 6, 8, 10, 11, 
3: 0, 1, 2, 4, 6, 8, 
load chunk: 1-13
load chunk: 3-11
2's current chunk: 1
2's current chunk: 2
2's current chunk: 5
2's current chunk: 6
2's current chunk: 8
1's current chunk: 14
1: 0, 1, 2, 3, 4, 5, 6, 7, 10, 11, 12, 13, 15, 16, 17, 
2: 0, 1, 2, 5, 6, 8, 10, 11, 
3: 0, 1, 2, 4, 6, 8, 11, 
3's current epoch: 4
3's current chunk: 0
load chunk: 1-14
load chunk: 2-3
2's current chunk: 10
3's current chunk: 1
2's current chunk: 11
3's current chunk: 2
2's current chunk: 3
3's current chunk: 4
2's current chunk: 4
3's current chunk: 6
1's current epoch: 2
1's current chunk: 0
1: 0, 1, 2, 3, 4, 5, 6, 7, 10, 11, 12, 13, 14, 15, 16, 17, 
2: 0, 1, 2, 3, 8, 10, 11, 
3: 0, 1, 2, 4, 6, 8, 11, 
load chunk: 2-4
load chunk: 2-7
1's current chunk: 1
1's current chunk: 2
3's current chunk: 8
1's current chunk: 3
1's current chunk: 4
1's current chunk: 5
3's current chunk: 11
1's current chunk: 6
1's current chunk: 7
3's current chunk: 3
1's current chunk: 10
1's current chunk: 11
1's current chunk: 12
2's current chunk: 7
1: 0, 1, 2, 3, 4, 5, 6, 7, 10, 11, 12, 13, 14, 15, 16, 17, 
2: 0, 1, 2, 3, 4, 7, 8, 10, 11, 
3: 0, 1, 6, 8, 11, 
load chunk: 3-3
load chunk: 3-5
1's current chunk: 13
2's current chunk: 9
1's current chunk: 14
1's current chunk: 15
1's current chunk: 16
1's current chunk: 17
1's current chunk: 8
3's current chunk: 5
1: 0, 1, 2, 3, 4, 5, 6, 7, 10, 11, 12, 13, 14, 15, 16, 17, 
2: 0, 1, 2, 3, 4, 7, 8, 10, 
3: 0, 1, 3, 5, 6, 8, 
load chunk: 2-9
load chunk: 1-8
3's current chunk: 7
1's current chunk: 9
2's current chunk: 12
1: 0, 1, 2, 3, 4, 5, 6, 7, 8, 10, 11, 12, 13, 14, 15, 16, 17, 
2: 0, 1, 2, 3, 4, 7, 9, 
3: 0, 1, 3, 5, 6, 8, 
load chunk: 3-7
load chunk: 1-9
1's current chunk: 18
3's current chunk: 9
1: 0, 1, 2, 3, 4, 5, 6, 7, 8, 9, 10, 11, 12, 13, 14, 15, 16, 
2: 0, 1, 2, 3, 4, 7, 9, 
3: 0, 1, 3, 5, 6, 7, 
load chunk: 2-12
load chunk: 1-18
1: 0, 1, 2, 3, 4, 5, 6, 7, 8, 9, 10, 11, 12, 13, 14, 15, 18, 
2: 0, 1, 2, 3, 4, 7, 12, 
3: 0, 1, 3, 5, 6, 7, 
load chunk: 2-13
load chunk: 3-9
2's current chunk: 13
1's current chunk: 19
3's current chunk: 10
2's current chunk: 14
1: 0, 1, 2, 3, 4, 5, 6, 7, 8, 9, 10, 11, 12, 13, 14, 18, 
2: 0, 1, 2, 3, 4, 7, 12, 13, 
3: 0, 1, 3, 5, 6, 9, 
load chunk: 1-19
load chunk: 3-10
1's current epoch: 3
3's current epoch: 5
1's current chunk: 0
3's current chunk: 0
1: 0, 1, 2, 3, 4, 5, 6, 7, 8, 9, 10, 11, 12, 13, 14, 19, 
2: 0, 1, 2, 3, 4, 7, 12, 
3: 0, 1, 3, 5, 6, 9, 10, 
load chunk: 2-14
1's current chunk: 1
1's current chunk: 2
3's current chunk: 1
1's current chunk: 3
1's current chunk: 4
3's current chunk: 3
1's current chunk: 5
1's current chunk: 6
1's current chunk: 7
3's current chunk: 5
1's current chunk: 8
1's current chunk: 9
3's current chunk: 6
1's current chunk: 10
2's current epoch: 3
2's current chunk: 0
1: 0, 1, 2, 3, 4, 5, 6, 7, 8, 9, 10, 11, 12, 13, 14, 19, 
2: 0, 1, 2, 3, 4, 7, 14, 
3: 0, 1, 3, 5, 6, 9, 10, 
load chunk: 1-15
load chunk: 1-16
1's current chunk: 11
2's current chunk: 1
1's current chunk: 12
3's current chunk: 9
1's current chunk: 13
2's current chunk: 2
1's current chunk: 14
3's current chunk: 10
1's current chunk: 19
2's current chunk: 3
1's current chunk: 15
3's current chunk: 2
2's current chunk: 4
2's current chunk: 7
1's current chunk: 16
1: 0, 1, 2, 3, 4, 5, 6, 7, 8, 9, 10, 11, 12, 13, 14, 15, 16, 19, 
2: 0, 1, 2, 3, 4, 7, 14, 
3: 0, 1, 6, 9, 10, 
load chunk: 3-2
load chunk: 1-17
1's current chunk: 17
2's current chunk: 14
2's current chunk: 5
3's current chunk: 4
1's current chunk: 18
1: 0, 1, 2, 3, 4, 5, 6, 7, 8, 9, 10, 11, 12, 13, 14, 15, 16, 17, 19, 
2: 0, 1, 2, 7, 14, 
3: 0, 1, 2, 6, 9, 10, 
load chunk: 2-5
load chunk: 3-4
2's current chunk: 6
3's current chunk: 7
1: 0, 1, 2, 3, 4, 5, 6, 7, 8, 9, 10, 11, 12, 13, 14, 15, 16, 17, 19, 
2: 0, 1, 2, 5, 7, 
3: 0, 1, 2, 4, 6, 9, 
load chunk: 1-18
load chunk: 2-6
2's current chunk: 8
1's current epoch: 4
1's current chunk: 0
1: 0, 1, 2, 3, 4, 5, 6, 7, 8, 9, 10, 11, 12, 13, 14, 15, 16, 17, 18, 19, 
2: 0, 1, 2, 5, 6, 
3: 0, 1, 2, 4, 6, 
load chunk: 3-7
load chunk: 2-8
1's current chunk: 1
1's current chunk: 2
1's current chunk: 3
1's current chunk: 4
1's current chunk: 5
1's current chunk: 6
1's current chunk: 7
1's current chunk: 8
1's current chunk: 9
1's current chunk: 10
1: 0, 1, 2, 3, 4, 5, 6, 7, 8, 9, 10, 11, 12, 13, 14, 15, 16, 17, 18, 19, 
2: 0, 1, 2, 8, 
3: 0, 1, 2, 4, 6, 7, 
load chunk: 3-8
load chunk: 2-9
2's current chunk: 9
3's current chunk: 8
1's current chunk: 11
1's current chunk: 12
1's current chunk: 13
1's current chunk: 14
1's current chunk: 15
1's current chunk: 16
1's current chunk: 17
1's current chunk: 18
1's current chunk: 19
1's current epoch: 5
1's current chunk: 0
3's current chunk: 11
2's current chunk: 10
1: 0, 1, 2, 3, 4, 5, 6, 7, 10, 11, 12, 13, 14, 15, 16, 17, 18, 19, 
2: 0, 1, 2, 8, 9, 
3: 0, 1, 2, 4, 6, 7, 8, 
load chunk: 3-11
load chunk: 2-10
1's current chunk: 1
1's current chunk: 2
1's current chunk: 3
1's current chunk: 4
1's current chunk: 5
1's current chunk: 6
1's current chunk: 7
1's current chunk: 10
1's current chunk: 11
2's current chunk: 11
3's current epoch: 6
3's current chunk: 0
1: 0, 1, 2, 3, 4, 5, 6, 7, 10, 11, 12, 13, 14, 15, 16, 17, 18, 19, 
2: 0, 1, 2, 8, 10, 
3: 0, 1, 2, 4, 6, 7, 11, 
load chunk: 2-11
load chunk: 2-12
1's current chunk: 12
1's current chunk: 13
1's current chunk: 14
3's current chunk: 1
1's current chunk: 15
1's current chunk: 16
3's current chunk: 2
1's current chunk: 17
1's current chunk: 18
1's current chunk: 19
3's current chunk: 4
1's current chunk: 8
3's current chunk: 6
2's current chunk: 12
1: 0, 1, 2, 3, 4, 5, 6, 11, 12, 13, 14, 15, 16, 17, 18, 19, 
2: 0, 1, 2, 8, 10, 11, 12, 
3: 0, 1, 2, 4, 6, 7, 11, 
load chunk: 1-8
load chunk: 1-9
2's current chunk: 13
3's current chunk: 7
3's current chunk: 11
3's current chunk: 3
1's current chunk: 9
1: 0, 1, 2, 3, 4, 5, 6, 8, 9, 11, 12, 13, 14, 15, 16, 17, 18, 19, 
2: 0, 1, 2, 8, 10, 11, 12, 
3: 0, 1, 6, 7, 11, 
load chunk: 2-13
load chunk: 3-3
1's current epoch: 6
1's current chunk: 0
1's current chunk: 1
1's current chunk: 2
1's current chunk: 3
1's current chunk: 4
1's current chunk: 5
1's current chunk: 6
1's current chunk: 8
1's current chunk: 9
1's current chunk: 11
3's current chunk: 5
2's current epoch: 4
2's current chunk: 0
1: 0, 1, 2, 3, 4, 5, 6, 8, 9, 11, 12, 13, 14, 15, 16, 17, 18, 19, 
2: 0, 1, 2, 8, 10, 11, 12, 13, 
3: 0, 1, 3, 6, 
load chunk: 3-5
load chunk: 3-8
1's current chunk: 12
1's current chunk: 13
2's current chunk: 1
1's current chunk: 14
1's current chunk: 15
2's current chunk: 2
1's current chunk: 16
1's current chunk: 17
2's current chunk: 8
1's current chunk: 18
1's current chunk: 19
2's current chunk: 10
1's current chunk: 7
2's current chunk: 11
3's current chunk: 8
1: 0, 1, 2, 3, 4, 5, 6, 8, 11, 12, 13, 14, 15, 16, 17, 18, 19, 
2: 0, 1, 2, 8, 10, 11, 12, 13, 
3: 0, 1, 3, 5, 8, 
load chunk: 1-7
load chunk: 1-10
2's current chunk: 12
3's current chunk: 9
2's current chunk: 13
2's current chunk: 3
1's current chunk: 10
1: 0, 1, 2, 3, 4, 5, 6, 7, 8, 10, 11, 12, 13, 14, 15, 16, 17, 18, 19, 
2: 0, 1, 2, 11, 12, 13, 
3: 0, 1, 3, 5, 8, 
load chunk: 3-9
load chunk: 2-3
1's current epoch: 7
1's current chunk: 0
1's current chunk: 1
1's current chunk: 2
1's current chunk: 3
1's current chunk: 4
1's current chunk: 5
1's current chunk: 6
1's current chunk: 7
1's current chunk: 8
1's current chunk: 10
3's current chunk: 10
2's current chunk: 4
1: 0, 1, 2, 3, 4, 5, 6, 7, 8, 10, 11, 12, 13, 14, 15, 16, 17, 18, 19, 
2: 0, 1, 2, 3, 11, 
3: 0, 1, 3, 5, 8, 9, 
load chunk: 3-10
load chunk: 2-4
1's current chunk: 11
1's current chunk: 12
1's current chunk: 13
1's current chunk: 14
1's current chunk: 15
1's current chunk: 16
1's current chunk: 17
1's current chunk: 18
1's current chunk: 19
1's current chunk: 9
2's current chunk: 5
3's current epoch: 7
3's current chunk: 0
1: 0, 1, 2, 3, 4, 5, 6, 7, 10, 11, 12, 13, 14, 15, 16, 17, 18, 19, 
2: 0, 1, 2, 3, 4, 
3: 0, 1, 3, 5, 8, 9, 10, 
load chunk: 1-9
load chunk: 2-5
3's current chunk: 1
3's current chunk: 3
3's current chunk: 5
3's current chunk: 8
2's current chunk: 6
1's current epoch: 8
1's current chunk: 0
1: 0, 1, 2, 3, 4, 5, 6, 7, 9, 10, 11, 12, 13, 14, 15, 16, 17, 18, 
2: 0, 1, 2, 3, 5, 
3: 0, 1, 3, 5, 8, 9, 10, 
load chunk: 2-6
load chunk: 2-7
1's current chunk: 1
1's current chunk: 2
3's current chunk: 9
1's current chunk: 3
1's current chunk: 4
1's current chunk: 5
3's current chunk: 10
1's current chunk: 6
1's current chunk: 7
3's current chunk: 2
1's current chunk: 9
1's current chunk: 10
1's current chunk: 11
2's current chunk: 7
1: 0, 1, 2, 3, 4, 5, 6, 7, 9, 10, 11, 12, 13, 14, 15, 16, 17, 18, 
2: 0, 1, 2, 3, 5, 6, 7, 
3: 0, 1, 8, 9, 10, 
load chunk: 3-2
load chunk: 2-9
1's current chunk: 12
2's current chunk: 9
1's current chunk: 13
1's current chunk: 14
1's current chunk: 15
1's current chunk: 16
1's current chunk: 17
1's current chunk: 18
1's current chunk: 8
2's current chunk: 14
3's current chunk: 4
1: 0, 1, 2, 3, 4, 5, 6, 7, 9, 10, 11, 12, 13, 14, 15, 16, 17, 18, 
2: 0, 1, 2, 3, 5, 6, 7, 9, 
3: 0, 1, 2, 8, 
load chunk: 1-8
load chunk: 2-14
1's current chunk: 19
2's current epoch: 5
2's current chunk: 0
1: 0, 1, 2, 3, 4, 5, 6, 7, 8, 9, 10, 11, 12, 13, 14, 15, 16, 
2: 0, 1, 2, 3, 5, 6, 7, 9, 14, 
3: 0, 1, 2, 8, 
load chunk: 3-4
load chunk: 1-19
2's current chunk: 1
2's current chunk: 2
2's current chunk: 3
2's current chunk: 5
2's current chunk: 6
3's current chunk: 6
1's current epoch: 9
1's current chunk: 0
1: 0, 1, 2, 3, 4, 5, 6, 7, 8, 9, 10, 11, 12, 13, 14, 15, 19, 
2: 0, 1, 2, 3, 5, 6, 7, 9, 14, 
3: 0, 1, 2, 4, 
load chunk: 3-6
load chunk: 3-7
1's current chunk: 1
2's current chunk: 7
1's current chunk: 2
1's current chunk: 3
2's current chunk: 9
1's current chunk: 4
1's current chunk: 5
2's current chunk: 14
1's current chunk: 6
1's current chunk: 7
2's current chunk: 4
1's current chunk: 8
1's current chunk: 9
3's current chunk: 7
1's current chunk: 10
1: 0, 1, 2, 3, 4, 5, 6, 7, 8, 9, 10, 11, 12, 13, 14, 15, 19, 
2: 0, 1, 2, 6, 7, 9, 14, 
3: 0, 1, 2, 4, 6, 7, 
load chunk: 2-4
load chunk: 2-8
1's current chunk: 11
1's current chunk: 12
3's current chunk: 11
1's current chunk: 13
1's current chunk: 14
1's current chunk: 15
1's current chunk: 19
1's current chunk: 16
2's current chunk: 8
1: 0, 1, 2, 3, 4, 5, 6, 7, 8, 9, 10, 11, 12, 13, 14, 15, 19, 
2: 0, 1, 2, 4, 6, 7, 8, 
3: 0, 1, 2, 4, 6, 7, 
load chunk: 3-11
load chunk: 1-16
2's current chunk: 10
3's current epoch: 8
3's current chunk: 0
1's current chunk: 17
1: 0, 1, 2, 3, 4, 5, 6, 7, 8, 9, 10, 11, 12, 13, 14, 15, 16, 
2: 0, 1, 2, 4, 6, 8, 
3: 0, 1, 2, 4, 6, 7, 11, 
load chunk: 2-10
load chunk: 1-17
3's current chunk: 1
3's current chunk: 2
3's current chunk: 4
3's current chunk: 6
2's current chunk: 11
1's current chunk: 18
1: 0, 1, 2, 3, 4, 5, 6, 7, 8, 9, 10, 11, 12, 13, 14, 15, 17, 
2: 0, 1, 2, 4, 6, 10, 
3: 0, 1, 2, 4, 6, 7, 11, 
load chunk: 2-11
load chunk: 1-18
3's current chunk: 7
3's current chunk: 11
3's current chunk: 3
2's current chunk: 12
1-workload runs for 6257939ms
1-workload waits for: 4446260ms
1: 0, 1, 2, 3, 4, 5, 6, 7, 8, 9, 10, 11, 12, 13, 14, 15, 17, 18, 
2: 0, 1, 2, 4, 6, 10, 11, 
3: 0, 1, 6, 7, 11, 
load chunk: 3-3
load chunk: 2-12
2's current chunk: 13
3's current chunk: 5
1: 
2: 0, 1, 2, 4, 6, 10, 11, 12, 
3: 0, 1, 3, 6, 
load chunk: 2-13
load chunk: 3-5
3's current chunk: 8
2's current epoch: 6
2's current chunk: 0
1: 
2: 0, 1, 2, 4, 6, 10, 11, 12, 13, 
3: 0, 1, 3, 5, 6, 
load chunk: 3-8
load chunk: 3-9
2's current chunk: 1
2's current chunk: 2
2's current chunk: 4
2's current chunk: 6
2's current chunk: 10
3's current chunk: 9
1: 
2: 0, 1, 2, 4, 6, 10, 11, 12, 13, 
3: 0, 1, 3, 5, 6, 8, 9, 
load chunk: 3-10
load chunk: 2-3
2's current chunk: 11
3's current chunk: 10
2's current chunk: 12
2's current chunk: 13
2's current chunk: 3
1: 
2: 0, 1, 2, 3, 4, 6, 10, 11, 12, 13, 
3: 0, 1, 3, 5, 6, 8, 9, 10, 
load chunk: 2-5
load chunk: 2-7
2's current chunk: 5
3's current epoch: 9
3's current chunk: 0
3's current chunk: 1
3's current chunk: 3
3's current chunk: 5
3's current chunk: 6
2's current chunk: 7
1: 
2: 0, 1, 2, 3, 4, 5, 6, 7, 10, 11, 12, 13, 
3: 0, 1, 3, 5, 6, 8, 9, 10, 
load chunk: 2-8
load chunk: 2-9
2's current chunk: 8
3's current chunk: 8
3's current chunk: 9
3's current chunk: 10
3's current chunk: 2
2's current chunk: 9
1: 
2: 0, 1, 2, 3, 4, 5, 6, 7, 8, 9, 10, 11, 12, 13, 
3: 0, 1, 3, 5, 6, 8, 9, 10, 
load chunk: 3-2
load chunk: 2-14
2's current chunk: 14
3's current chunk: 4
2's current epoch: 7
2's current chunk: 0
1: 
2: 0, 1, 2, 3, 4, 5, 6, 7, 8, 9, 10, 11, 12, 13, 14, 
3: 0, 1, 2, 3, 5, 6, 8, 9, 10, 
load chunk: 3-4
load chunk: 3-7
2's current chunk: 1
2's current chunk: 2
2's current chunk: 3
2's current chunk: 4
2's current chunk: 5
3's current chunk: 7
1: 
2: 0, 1, 2, 3, 4, 5, 6, 7, 8, 9, 10, 11, 12, 13, 14, 
3: 0, 1, 2, 3, 4, 5, 6, 7, 8, 9, 10, 
load chunk: 3-11
2's current chunk: 6
3's current chunk: 11
2's current chunk: 7
2's current chunk: 8
2's current chunk: 9
3-workload runs for 7154379ms
3-workload waits for: 5019200ms
2's current chunk: 10
2's current chunk: 11
2's current chunk: 12
2's current chunk: 13
2's current chunk: 14
2's current epoch: 8
2's current chunk: 0
2's current chunk: 1
2's current chunk: 2
2's current chunk: 3
2's current chunk: 4
2's current chunk: 5
2's current chunk: 6
2's current chunk: 7
2's current chunk: 8
2's current chunk: 9
2's current chunk: 10
2's current chunk: 11
2's current chunk: 12
2's current chunk: 13
2's current chunk: 14
2's current epoch: 9
2's current chunk: 0
2's current chunk: 1
2's current chunk: 2
2's current chunk: 3
2's current chunk: 4
2's current chunk: 5
2's current chunk: 6
2's current chunk: 7
2's current chunk: 8
2's current chunk: 9
2's current chunk: 10
2's current chunk: 11
2's current chunk: 12
2's current chunk: 13
2's current chunk: 14
2-workload runs for 7855289ms
2-workload waits for: 5551490ms
All workloads are finished!
