1's current epoch: 0
1's current chunk: 0
2's current epoch: 0
3's current epoch: 0
3's current chunk: 0
2's current chunk: 0
1: 
2: 
3: 
load chunk: 1-0
load chunk: 3-0
3's current chunk: 1
1's current chunk: 1
1: 0, 
2: 
3: 0, 
load chunk: 2-0
load chunk: 3-1
2's current chunk: 1
3's current chunk: 2
1: 0, 
2: 0, 
3: 0, 1, 
load chunk: 1-1
load chunk: 3-2
1's current chunk: 2
3's current chunk: 3
1: 0, 1, 
2: 0, 
3: 0, 1, 2, 
load chunk: 2-1
load chunk: 3-3
2's current chunk: 2
3's current chunk: 4
1: 0, 1, 
2: 0, 1, 
3: 0, 1, 2, 3, 
load chunk: 1-2
load chunk: 3-4
1's current chunk: 3
3's current chunk: 5
1: 0, 1, 2, 
2: 0, 1, 
3: 0, 1, 2, 3, 4, 
load chunk: 2-2
load chunk: 1-3
2's current chunk: 3
1's current chunk: 4
1: 0, 1, 2, 3, 
2: 0, 1, 2, 
3: 0, 1, 2, 3, 4, 
load chunk: 3-5
load chunk: 2-3
3's current chunk: 6
2's current chunk: 4
1: 0, 1, 2, 3, 
2: 0, 1, 2, 3, 
3: 0, 1, 2, 3, 4, 5, 
load chunk: 1-4
load chunk: 3-6
1's current chunk: 5
3's current chunk: 7
1: 0, 1, 2, 3, 4, 
2: 0, 1, 2, 3, 
3: 0, 1, 2, 3, 4, 5, 6, 
load chunk: 2-4
load chunk: 1-5
2's current chunk: 5
1's current chunk: 6
1: 0, 1, 2, 3, 4, 5, 
2: 0, 1, 2, 3, 4, 
3: 0, 1, 2, 3, 4, 5, 6, 
load chunk: 3-7
load chunk: 2-5
3's current chunk: 8
2's current chunk: 6
1: 0, 1, 2, 3, 4, 5, 
2: 0, 1, 2, 3, 4, 5, 
3: 0, 1, 2, 3, 4, 5, 6, 7, 
load chunk: 1-6
load chunk: 2-6
2's current chunk: 7
1's current chunk: 7
1: 0, 1, 2, 3, 4, 5, 6, 
2: 0, 1, 2, 3, 4, 5, 6, 
3: 0, 1, 2, 3, 4, 5, 6, 7, 
load chunk: 3-8
load chunk: 2-7
2's current chunk: 8
3's current chunk: 9
1: 0, 1, 2, 3, 4, 5, 6, 
2: 0, 1, 2, 3, 4, 5, 6, 7, 
3: 0, 1, 2, 3, 4, 5, 6, 7, 8, 
load chunk: 1-7
load chunk: 2-8
1's current chunk: 8
2's current chunk: 9
1: 0, 1, 2, 3, 4, 5, 6, 7, 
2: 0, 1, 2, 3, 4, 5, 6, 7, 8, 
3: 0, 1, 2, 3, 4, 5, 6, 7, 8, 
load chunk: 3-9
load chunk: 1-8
1's current chunk: 9
3's current chunk: 10
1: 0, 1, 2, 3, 4, 5, 6, 7, 8, 
2: 0, 1, 2, 3, 4, 5, 6, 7, 8, 
3: 0, 1, 2, 3, 4, 5, 6, 7, 8, 9, 
load chunk: 2-9
load chunk: 1-9
1's current chunk: 10
2's current chunk: 10
1: 0, 1, 2, 3, 4, 5, 6, 7, 8, 9, 
2: 0, 1, 2, 3, 4, 5, 6, 7, 8, 9, 
3: 0, 1, 2, 3, 4, 5, 6, 7, 8, 9, 
load chunk: 3-10
load chunk: 1-10
1's current chunk: 11
3's current chunk: 11
1: 0, 1, 2, 3, 4, 5, 6, 7, 8, 9, 10, 
2: 0, 1, 2, 3, 4, 5, 6, 7, 8, 
3: 0, 1, 2, 3, 4, 5, 6, 7, 8, 10, 
load chunk: 2-10
load chunk: 3-11
2's current chunk: 11
3's current epoch: 1
3's current chunk: 0
1: 0, 1, 2, 3, 4, 5, 6, 7, 8, 9, 10, 
2: 0, 1, 2, 3, 4, 5, 6, 7, 10, 
3: 0, 1, 2, 3, 4, 5, 6, 7, 8, 11, 
load chunk: 1-11
load chunk: 2-11
3's current chunk: 1
2's current chunk: 12
1's current chunk: 12
1: 0, 1, 2, 3, 4, 5, 6, 7, 8, 9, 10, 11, 
2: 0, 1, 2, 3, 4, 5, 6, 11, 
3: 0, 1, 2, 3, 4, 5, 6, 7, 8, 11, 
load chunk: 2-12
load chunk: 1-12
3's current chunk: 2
1's current chunk: 13
2's current chunk: 13
1: 0, 1, 2, 3, 4, 5, 6, 7, 8, 9, 10, 11, 12, 
2: 0, 1, 2, 3, 4, 5, 6, 12, 
3: 1, 2, 3, 4, 5, 6, 7, 8, 11, 
load chunk: 2-13
load chunk: 1-13
3's current chunk: 3
3's current chunk: 4
1's current chunk: 14
2's current chunk: 14
1: 0, 1, 2, 3, 4, 5, 6, 7, 8, 9, 10, 11, 13, 
2: 0, 1, 2, 3, 4, 5, 6, 12, 13, 
3: 2, 3, 4, 5, 6, 7, 8, 11, 
load chunk: 2-14
load chunk: 1-14
3's current chunk: 5
1's current chunk: 15
2's current epoch: 1
2's current chunk: 0
1: 0, 1, 2, 3, 4, 5, 6, 7, 8, 9, 10, 11, 13, 14, 
2: 0, 1, 2, 3, 4, 5, 6, 12, 13, 14, 
3: 4, 5, 6, 7, 8, 11, 
load chunk: 1-15
load chunk: 1-16
3's current chunk: 6
2's current chunk: 1
1's current chunk: 16
1: 0, 1, 2, 3, 4, 5, 6, 7, 8, 9, 10, 11, 15, 16, 
2: 0, 1, 2, 3, 4, 5, 6, 12, 13, 14, 
3: 4, 5, 6, 7, 8, 11, 
load chunk: 1-17
load chunk: 1-18
2's current chunk: 2
3's current chunk: 7
1's current chunk: 17
2's current chunk: 3
1's current chunk: 18
1: 0, 1, 2, 3, 4, 5, 6, 7, 8, 9, 10, 11, 16, 17, 18, 
2: 1, 2, 3, 4, 5, 6, 12, 13, 14, 
3: 4, 5, 6, 7, 8, 11, 
load chunk: 1-19
load chunk: 3-9
3's current chunk: 8
1's current chunk: 19
2's current chunk: 4
3's current chunk: 11
2's current chunk: 5
1's current epoch: 1
1's current chunk: 0
1: 0, 1, 2, 3, 4, 5, 6, 7, 8, 9, 10, 11, 16, 17, 18, 19, 
2: 3, 4, 5, 6, 12, 13, 14, 
3: 4, 5, 6, 7, 8, 9, 11, 
load chunk: 3-10
load chunk: 2-7
1's current chunk: 1
3's current chunk: 9
1's current chunk: 2
2's current chunk: 6
1's current chunk: 3
1: 0, 1, 2, 3, 4, 5, 6, 7, 8, 9, 10, 11, 16, 17, 18, 19, 
2: 5, 6, 7, 12, 13, 14, 
3: 4, 5, 6, 7, 8, 9, 10, 11, 
load chunk: 2-8
load chunk: 2-9
1's current chunk: 4
2's current chunk: 7
3's current chunk: 10
1's current chunk: 5
1's current chunk: 6
2's current chunk: 12
1: 0, 3, 4, 5, 6, 7, 8, 9, 10, 11, 16, 17, 18, 19, 
2: 5, 6, 7, 8, 9, 12, 13, 14, 
3: 4, 5, 6, 7, 8, 9, 10, 11, 
load chunk: 1-12
load chunk: 2-10
3's current epoch: 2
3's current chunk: 4
1's current chunk: 7
1's current chunk: 8
2's current chunk: 13
1's current chunk: 9
3's current chunk: 5
1's current chunk: 10
1: 0, 3, 4, 6, 7, 8, 9, 10, 11, 12, 16, 17, 18, 19, 
2: 5, 6, 8, 9, 10, 12, 13, 14, 
3: 4, 5, 6, 7, 8, 9, 10, 11, 
load chunk: 1-13
load chunk: 1-14
2's current chunk: 14
1's current chunk: 11
3's current chunk: 6
1's current chunk: 12
2's current chunk: 8
1's current chunk: 16
1: 0, 3, 4, 6, 7, 8, 10, 11, 12, 13, 14, 16, 17, 18, 19, 
2: 5, 6, 8, 9, 10, 12, 13, 14, 
3: 5, 6, 7, 8, 9, 10, 11, 
load chunk: 2-11
load chunk: 1-15
1's current chunk: 17
2's current chunk: 9
3's current chunk: 7
1's current chunk: 18
1's current chunk: 19
2's current chunk: 10
1: 0, 3, 4, 6, 7, 8, 10, 11, 12, 13, 14, 15, 16, 17, 18, 19, 
2: 5, 6, 8, 9, 10, 11, 12, 13, 
3: 6, 7, 8, 9, 10, 11, 
load chunk: 3-0
load chunk: 3-1
3's current chunk: 8
1's current chunk: 13
1's current chunk: 14
2's current chunk: 11
1's current chunk: 15
3's current chunk: 9
1: 0, 3, 4, 6, 7, 8, 10, 11, 12, 13, 14, 15, 16, 17, 19, 
2: 5, 6, 8, 9, 10, 11, 12, 13, 
3: 0, 1, 7, 8, 9, 10, 11, 
load chunk: 3-2
load chunk: 3-3
1's current epoch: 2
1's current chunk: 0
2's current epoch: 2
2's current chunk: 5
1's current chunk: 3
3's current chunk: 10
1's current chunk: 4
2's current chunk: 6
1's current chunk: 6
1: 0, 3, 4, 6, 7, 8, 10, 11, 12, 13, 14, 15, 16, 17, 19, 
2: 5, 6, 8, 9, 10, 11, 12, 13, 
3: 0, 1, 2, 3, 9, 10, 11, 
load chunk: 1-1
load chunk: 1-2
1's current chunk: 7
2's current chunk: 8
3's current chunk: 11
1's current chunk: 8
1's current chunk: 10
2's current chunk: 9
1: 0, 1, 2, 3, 6, 7, 8, 10, 11, 12, 13, 14, 15, 16, 17, 19, 
2: 6, 8, 9, 10, 11, 12, 13, 
3: 0, 1, 2, 3, 9, 10, 11, 
load chunk: 2-0
load chunk: 1-5
3's current chunk: 0
1's current chunk: 11
1's current chunk: 12
2's current chunk: 10
1's current chunk: 13
3's current chunk: 1
1: 0, 1, 2, 3, 5, 6, 7, 8, 10, 11, 12, 13, 14, 15, 16, 17, 19, 
2: 0, 9, 10, 11, 12, 13, 
3: 0, 1, 2, 3, 9, 10, 11, 
load chunk: 1-9
load chunk: 2-1
1's current chunk: 14
2's current chunk: 11
1's current chunk: 15
3's current chunk: 2
1's current chunk: 16
2's current chunk: 12
1's current chunk: 17
1: 0, 1, 2, 3, 5, 6, 7, 8, 9, 10, 11, 13, 14, 15, 16, 17, 19, 
2: 0, 1, 10, 11, 12, 13, 
3: 0, 1, 2, 3, 9, 10, 11, 
load chunk: 1-18
load chunk: 2-2
1's current chunk: 19
2's current chunk: 13
3's current chunk: 3
1's current chunk: 1
1's current chunk: 2
2's current chunk: 0
1: 0, 1, 2, 3, 5, 6, 7, 8, 9, 10, 11, 13, 14, 15, 16, 17, 18, 19, 
2: 0, 1, 2, 12, 13, 
3: 0, 1, 2, 3, 9, 10, 11, 
load chunk: 2-3
load chunk: 2-4
3's current epoch: 3
3's current chunk: 0
1's current chunk: 5
1's current chunk: 9
2's current chunk: 1
1's current chunk: 18
3's current chunk: 1
1: 0, 1, 2, 3, 5, 6, 7, 8, 9, 10, 11, 13, 14, 15, 16, 18, 
2: 0, 1, 2, 3, 4, 12, 13, 
3: 0, 1, 2, 3, 9, 10, 11, 
load chunk: 2-7
load chunk: 2-14
1's current epoch: 3
1's current chunk: 0
2's current chunk: 2
1's current chunk: 1
3's current chunk: 2
1's current chunk: 2
2's current chunk: 3
1's current chunk: 3
1: 0, 1, 2, 3, 5, 6, 7, 8, 9, 10, 11, 13, 14, 15, 16, 18, 
2: 0, 1, 2, 3, 4, 7, 12, 14, 
3: 1, 2, 3, 9, 10, 11, 
load chunk: 3-4
load chunk: 1-4
1's current chunk: 5
2's current chunk: 4
3's current chunk: 3
1's current chunk: 6
1's current chunk: 7
2's current chunk: 7
1: 0, 1, 3, 4, 5, 6, 7, 8, 9, 10, 11, 13, 14, 15, 16, 18, 
2: 0, 1, 2, 3, 4, 7, 12, 14, 
3: 2, 3, 4, 9, 10, 11, 
load chunk: 3-5
load chunk: 1-12
3's current chunk: 4
1's current chunk: 8
1's current chunk: 9
2's current chunk: 14
1's current chunk: 10
3's current chunk: 9
1: 0, 1, 3, 4, 5, 7, 8, 9, 10, 11, 12, 13, 14, 15, 16, 18, 
2: 0, 1, 2, 3, 4, 7, 12, 14, 
3: 3, 4, 5, 9, 10, 11, 
load chunk: 1-17
load chunk: 1-19
1's current chunk: 11
2's current epoch: 3
2's current chunk: 0
1's current chunk: 12
3's current chunk: 10
1's current chunk: 13
2's current chunk: 1
1: 0, 1, 3, 4, 5, 7, 8, 10, 11, 12, 13, 14, 15, 16, 17, 18, 19, 
2: 0, 1, 2, 3, 4, 7, 12, 14, 
3: 3, 5, 9, 10, 11, 
load chunk: 3-6
load chunk: 3-7
1's current chunk: 14
1's current chunk: 15
2's current chunk: 2
3's current chunk: 11
1's current chunk: 16
1's current chunk: 17
2's current chunk: 3
1: 0, 1, 3, 4, 5, 7, 8, 10, 11, 12, 13, 14, 15, 16, 17, 18, 19, 
2: 1, 2, 3, 4, 7, 12, 14, 
3: 3, 5, 6, 7, 10, 11, 
load chunk: 3-8
load chunk: 2-5
3's current chunk: 5
1's current chunk: 18
1's current chunk: 19
2's current chunk: 4
1's current chunk: 4
3's current chunk: 6
1: 0, 1, 3, 4, 5, 7, 8, 10, 11, 12, 13, 14, 15, 16, 17, 18, 19, 
2: 3, 4, 5, 7, 12, 14, 
3: 3, 5, 6, 7, 8, 10, 11, 
load chunk: 2-6
load chunk: 2-8
1's current epoch: 4
1's current chunk: 0
2's current chunk: 5
1's current chunk: 1
3's current chunk: 7
1's current chunk: 3
2's current chunk: 7
1: 0, 1, 3, 4, 5, 7, 8, 10, 11, 12, 13, 14, 15, 16, 17, 18, 
2: 4, 5, 6, 7, 8, 12, 14, 
3: 3, 5, 6, 7, 8, 10, 11, 
load chunk: 2-9
load chunk: 2-10
1's current chunk: 4
1's current chunk: 5
2's current chunk: 8
3's current chunk: 8
1's current chunk: 7
1's current chunk: 8
2's current chunk: 12
1: 0, 3, 4, 5, 7, 8, 10, 11, 12, 13, 14, 15, 16, 17, 18, 
2: 4, 6, 7, 8, 9, 10, 12, 14, 
3: 3, 5, 6, 7, 8, 10, 11, 
load chunk: 1-2
load chunk: 2-11
3's current epoch: 4
3's current chunk: 3
1's current chunk: 10
1's current chunk: 11
2's current chunk: 14
1's current chunk: 12
3's current chunk: 5
1: 0, 2, 3, 4, 5, 8, 10, 11, 12, 13, 14, 15, 16, 17, 18, 
2: 4, 6, 7, 9, 10, 11, 12, 14, 
3: 3, 5, 6, 7, 8, 10, 11, 
load chunk: 1-6
load chunk: 1-9
1's current chunk: 13
2's current chunk: 6
1's current chunk: 14
3's current chunk: 6
1's current chunk: 15
2's current chunk: 9
1: 0, 2, 3, 4, 5, 6, 8, 9, 10, 12, 13, 14, 15, 16, 17, 18, 
2: 4, 6, 7, 9, 10, 11, 12, 14, 
3: 5, 6, 7, 8, 10, 11, 
load chunk: 2-13
load chunk: 1-19
1's current chunk: 16
1's current chunk: 17
2's current chunk: 10
3's current chunk: 7
1's current chunk: 18
1's current chunk: 2
1: 0, 2, 3, 4, 5, 6, 8, 9, 10, 12, 13, 15, 16, 17, 18, 19, 
2: 4, 6, 7, 9, 10, 11, 12, 13, 14, 
3: 6, 7, 8, 10, 11, 
load chunk: 3-0
load chunk: 3-1
2's current chunk: 11
3's current chunk: 8
1's current chunk: 6
1's current chunk: 9
2's current chunk: 13
1's current chunk: 19
1: 0, 2, 3, 4, 5, 6, 8, 9, 10, 12, 13, 15, 16, 17, 19, 
2: 4, 6, 7, 9, 10, 11, 12, 13, 14, 
3: 0, 1, 7, 8, 10, 11, 
load chunk: 3-2
load chunk: 3-4
3's current chunk: 10
1's current epoch: 5
1's current chunk: 0
2's current epoch: 4
2's current chunk: 4
1's current chunk: 2
3's current chunk: 11
1's current chunk: 3
2's current chunk: 6
1: 0, 2, 3, 4, 5, 6, 8, 9, 10, 12, 13, 15, 16, 17, 19, 
2: 4, 6, 7, 9, 10, 11, 12, 13, 
3: 0, 1, 2, 4, 8, 10, 11, 
load chunk: 3-9
load chunk: 1-1
1's current chunk: 4
1's current chunk: 5
2's current chunk: 7
3's current chunk: 0
1's current chunk: 6
1: 0, 1, 3, 4, 5, 6, 8, 9, 10, 12, 13, 15, 16, 17, 19, 
2: 6, 7, 9, 10, 11, 12, 13, 
3: 0, 1, 2, 4, 8, 9, 10, 11, 
load chunk: 1-7
load chunk: 2-0
1's current chunk: 8
2's current chunk: 9
3's current chunk: 1
1's current chunk: 9
1's current chunk: 10
2's current chunk: 10
1's current chunk: 12
1: 0, 1, 3, 4, 6, 7, 8, 9, 10, 12, 13, 15, 16, 17, 19, 
2: 0, 7, 9, 10, 11, 12, 13, 
3: 0, 1, 2, 4, 8, 9, 10, 11, 
load chunk: 1-11
load chunk: 1-14
3's current chunk: 2
1's current chunk: 13
2's current chunk: 11
1's current chunk: 15
3's current chunk: 4
1's current chunk: 16
2's current chunk: 12
1: 0, 1, 3, 4, 6, 7, 8, 9, 10, 11, 12, 13, 14, 15, 16, 17, 19, 
2: 0, 10, 11, 12, 13, 
3: 0, 1, 2, 4, 8, 9, 10, 11, 
load chunk: 2-1
load chunk: 1-18
1's current chunk: 17
1's current chunk: 19
2's current chunk: 13
3's current chunk: 9
1's current chunk: 1
1: 0, 1, 3, 4, 6, 7, 8, 9, 10, 11, 12, 13, 14, 15, 16, 17, 18, 19, 
2: 0, 1, 12, 13, 
3: 0, 1, 2, 4, 8, 9, 10, 11, 
load chunk: 2-2
load chunk: 2-3
1's current chunk: 7
2's current chunk: 0
3's current epoch: 5
3's current chunk: 0
1's current chunk: 11
1's current chunk: 14
2's current chunk: 1
1's current chunk: 18
1: 0, 1, 3, 4, 6, 7, 8, 9, 10, 11, 12, 13, 14, 15, 16, 17, 18, 
2: 0, 1, 2, 3, 12, 13, 
3: 0, 1, 2, 4, 8, 9, 10, 
load chunk: 2-5
load chunk: 2-8
3's current chunk: 1
1's current epoch: 6
1's current chunk: 0
2's current chunk: 2
1's current chunk: 1
3's current chunk: 2
1's current chunk: 3
2's current chunk: 3
1: 0, 1, 3, 4, 6, 7, 8, 9, 10, 11, 12, 13, 14, 15, 16, 18, 
2: 0, 1, 2, 3, 5, 8, 12, 
3: 0, 1, 2, 4, 8, 9, 10, 
load chunk: 2-14
load chunk: 3-3
1's current chunk: 4
1's current chunk: 6
2's current chunk: 5
3's current chunk: 4
1's current chunk: 7
1: 0, 1, 3, 4, 6, 7, 8, 9, 10, 11, 12, 13, 14, 15, 16, 18, 
2: 0, 1, 2, 3, 5, 8, 12, 14, 
3: 2, 3, 4, 8, 9, 10, 
load chunk: 1-2
load chunk: 3-5
1's current chunk: 8
2's current chunk: 8
3's current chunk: 8
1's current chunk: 9
1's current chunk: 10
2's current chunk: 14
1's current chunk: 11
1: 0, 1, 2, 3, 4, 7, 8, 9, 10, 11, 12, 13, 14, 15, 16, 18, 
2: 0, 1, 2, 3, 5, 8, 12, 14, 
3: 3, 4, 5, 8, 9, 10, 
load chunk: 1-5
load chunk: 1-17
3's current chunk: 9
1's current chunk: 12
2's current epoch: 5
2's current chunk: 0
1's current chunk: 13
3's current chunk: 10
1's current chunk: 14
2's current chunk: 1
1: 0, 1, 2, 3, 4, 5, 7, 8, 9, 11, 12, 13, 14, 15, 16, 17, 18, 
2: 0, 1, 2, 3, 5, 8, 12, 14, 
3: 3, 5, 8, 9, 10, 
load chunk: 1-19
load chunk: 3-6
1's current chunk: 15
1's current chunk: 16
2's current chunk: 2
3's current chunk: 3
1's current chunk: 17
1: 0, 1, 2, 3, 4, 5, 7, 8, 9, 11, 12, 14, 15, 16, 17, 18, 19, 
2: 1, 2, 3, 5, 8, 12, 14, 
3: 3, 5, 6, 8, 9, 10, 
load chunk: 3-7
load chunk: 3-11
1's current chunk: 18
2's current chunk: 3
3's current chunk: 5
1's current chunk: 19
1's current chunk: 2
2's current chunk: 5
1: 0, 1, 2, 3, 4, 5, 7, 8, 9, 11, 12, 14, 15, 16, 17, 18, 19, 
2: 2, 3, 5, 8, 12, 14, 
3: 3, 5, 6, 7, 8, 9, 11, 
load chunk: 2-4
load chunk: 2-6
1's current chunk: 5
3's current chunk: 6
1's current epoch: 7
1's current chunk: 0
2's current chunk: 8
1's current chunk: 1
3's current chunk: 7
1's current chunk: 2
2's current chunk: 12
1: 0, 1, 2, 3, 4, 5, 7, 8, 9, 11, 12, 14, 15, 16, 17, 18, 19, 
2: 4, 5, 6, 8, 12, 14, 
3: 3, 5, 6, 7, 8, 9, 11, 
load chunk: 2-7
load chunk: 2-9
1's current chunk: 3
1's current chunk: 4
2's current chunk: 14
3's current chunk: 11
1's current chunk: 5
1: 0, 2, 3, 4, 5, 7, 8, 9, 11, 12, 14, 15, 16, 17, 18, 19, 
2: 4, 5, 6, 7, 9, 12, 14, 
3: 3, 5, 6, 7, 8, 9, 11, 
load chunk: 2-10
load chunk: 2-11
1's current chunk: 7
2's current chunk: 4
3's current epoch: 6
3's current chunk: 3
1's current chunk: 8
1's current chunk: 9
2's current chunk: 6
1: 0, 2, 5, 7, 8, 9, 11, 12, 14, 15, 16, 17, 18, 19, 
2: 4, 5, 6, 7, 9, 10, 11, 12, 14, 
3: 3, 5, 6, 7, 8, 9, 11, 
load chunk: 1-6
load chunk: 1-10
1's current chunk: 11
3's current chunk: 5
1's current chunk: 12
2's current chunk: 7
1's current chunk: 14
3's current chunk: 6
1's current chunk: 15
2's current chunk: 9
1: 0, 2, 5, 6, 7, 9, 10, 11, 12, 14, 15, 16, 17, 18, 19, 
2: 4, 5, 6, 7, 9, 10, 11, 12, 
3: 3, 5, 6, 7, 8, 9, 11, 
load chunk: 2-13
load chunk: 1-13
1's current chunk: 16
1's current chunk: 17
2's current chunk: 10
3's current chunk: 7
1's current chunk: 18
1: 0, 2, 5, 6, 7, 9, 10, 11, 12, 13, 14, 15, 16, 17, 18, 19, 
2: 4, 5, 6, 7, 9, 10, 11, 12, 13, 
3: 6, 7, 8, 9, 11, 
load chunk: 3-0
load chunk: 3-1
1's current chunk: 19
2's current chunk: 11
3's current chunk: 8
1's current chunk: 6
1's current chunk: 10
2's current chunk: 13
1: 0, 2, 5, 6, 7, 9, 10, 11, 12, 13, 14, 15, 16, 17, 18, 19, 
2: 4, 5, 6, 7, 9, 10, 11, 13, 
3: 0, 1, 7, 8, 9, 11, 
load chunk: 3-2
load chunk: 3-4
1's current chunk: 13
3's current chunk: 9
1's current epoch: 8
1's current chunk: 0
2's current epoch: 6
2's current chunk: 4
1's current chunk: 2
3's current chunk: 11
1's current chunk: 5
2's current chunk: 5
1: 0, 2, 5, 6, 7, 9, 10, 11, 12, 13, 14, 15, 16, 17, 18, 
2: 4, 5, 6, 7, 9, 10, 11, 13, 
3: 0, 1, 2, 4, 8, 9, 11, 
load chunk: 3-10
load chunk: 1-1
1's current chunk: 6
1's current chunk: 7
2's current chunk: 6
3's current chunk: 0
1's current chunk: 9
1: 0, 1, 5, 6, 7, 9, 10, 11, 12, 13, 14, 15, 16, 17, 18, 
2: 5, 6, 7, 9, 10, 11, 13, 
3: 0, 1, 2, 4, 8, 9, 10, 11, 
load chunk: 1-3
load chunk: 2-0
1's current chunk: 10
2's current chunk: 7
3's current chunk: 1
1's current chunk: 11
1's current chunk: 12
2's current chunk: 9
1: 0, 1, 3, 5, 6, 9, 10, 11, 12, 13, 14, 15, 16, 17, 18, 
2: 0, 6, 7, 9, 10, 11, 13, 
3: 0, 1, 2, 4, 8, 9, 10, 11, 
load chunk: 1-4
load chunk: 1-8
1's current chunk: 13
3's current chunk: 2
1's current chunk: 14
2's current chunk: 10
1's current chunk: 15
3's current chunk: 4
1's current chunk: 16
1: 0, 1, 3, 4, 5, 6, 8, 9, 10, 11, 12, 13, 14, 15, 16, 17, 18, 
2: 0, 9, 10, 11, 13, 
3: 0, 1, 2, 4, 8, 9, 10, 11, 
load chunk: 2-1
load chunk: 1-19
2's current chunk: 11
1's current chunk: 17
1's current chunk: 18
2's current chunk: 13
3's current chunk: 10
1's current chunk: 1
1: 0, 1, 3, 4, 5, 6, 8, 9, 10, 11, 12, 13, 14, 16, 17, 18, 19, 
2: 0, 1, 10, 11, 13, 
3: 0, 1, 2, 4, 8, 9, 10, 11, 
load chunk: 2-2
load chunk: 2-3
1's current chunk: 3
2's current chunk: 0
3's current epoch: 7
3's current chunk: 0
1's current chunk: 4
1's current chunk: 8
2's current chunk: 1
1: 0, 1, 3, 4, 5, 6, 8, 9, 10, 11, 12, 13, 14, 16, 17, 18, 19, 
2: 0, 1, 2, 3, 10, 13, 
3: 0, 1, 2, 4, 8, 9, 10, 
load chunk: 2-8
load chunk: 2-12
1's current chunk: 19
3's current chunk: 1
1's current epoch: 9
1's current chunk: 0
2's current chunk: 2
1's current chunk: 1
3's current chunk: 2
1: 0, 1, 3, 4, 5, 6, 8, 9, 10, 11, 12, 13, 14, 16, 17, 19, 
2: 0, 1, 2, 3, 8, 10, 12, 
3: 0, 1, 2, 4, 8, 9, 10, 
load chunk: 2-14
load chunk: 3-3
1's current chunk: 3
2's current chunk: 3
1's current chunk: 4
1's current chunk: 5
2's current chunk: 8
3's current chunk: 4
1's current chunk: 6
1: 0, 1, 3, 4, 5, 6, 8, 9, 10, 11, 12, 13, 14, 16, 17, 19, 
2: 0, 1, 2, 3, 8, 10, 12, 14, 
3: 2, 3, 4, 8, 9, 10, 
load chunk: 1-2
load chunk: 3-5
1's current chunk: 8
2's current chunk: 12
3's current chunk: 8
1's current chunk: 9
1's current chunk: 10
2's current chunk: 14
1: 0, 1, 2, 3, 4, 6, 8, 9, 10, 11, 12, 13, 14, 16, 17, 19, 
2: 0, 1, 2, 3, 8, 10, 12, 14, 
3: 3, 4, 5, 8, 9, 10, 
load chunk: 1-7
load chunk: 1-15
1's current chunk: 11
3's current chunk: 9
1's current chunk: 12
2's current epoch: 7
2's current chunk: 0
1's current chunk: 13
1: 0, 1, 2, 3, 4, 6, 7, 8, 10, 11, 12, 13, 14, 15, 16, 17, 19, 
2: 0, 1, 2, 3, 8, 10, 12, 14, 
3: 3, 5, 8, 9, 10, 
load chunk: 1-18
load chunk: 3-6
3's current chunk: 10
1's current chunk: 14
2's current chunk: 1
1's current chunk: 15
1's current chunk: 16
2's current chunk: 2
3's current chunk: 3
1's current chunk: 17
1: 0, 1, 2, 3, 4, 6, 7, 8, 10, 13, 14, 15, 16, 17, 18, 19, 
2: 0, 1, 2, 3, 8, 10, 12, 14, 
3: 3, 5, 6, 8, 9, 10, 
load chunk: 3-7
load chunk: 3-11
1's current chunk: 18
2's current chunk: 3
3's current chunk: 5
1's current chunk: 19
1's current chunk: 2
2's current chunk: 8
1: 0, 1, 2, 3, 4, 6, 7, 8, 10, 13, 14, 15, 16, 17, 18, 19, 
2: 2, 3, 8, 10, 12, 14, 
3: 3, 5, 6, 7, 8, 9, 10, 11, 
load chunk: 2-4
load chunk: 2-5
1's current chunk: 7
3's current chunk: 6
1-workload runs for 2590974ms
1-workload waits for: 733640ms
2's current chunk: 10
1: 
2: 4, 5, 8, 10, 12, 14, 
3: 3, 5, 6, 7, 8, 9, 10, 11, 
load chunk: 2-6
load chunk: 2-7
3's current chunk: 7
2's current chunk: 12
2's current chunk: 14
3's current chunk: 11
1: 
2: 4, 5, 6, 7, 8, 10, 12, 14, 
3: 3, 5, 6, 7, 8, 9, 10, 11, 
load chunk: 2-9
load chunk: 2-11
2's current chunk: 4
3's current epoch: 8
3's current chunk: 3
2's current chunk: 5
1: 
2: 4, 5, 6, 7, 8, 9, 10, 11, 12, 14, 
3: 3, 5, 6, 7, 8, 9, 10, 11, 
load chunk: 2-13
load chunk: 3-0
3's current chunk: 5
2's current chunk: 6
1: 
2: 4, 5, 6, 7, 8, 9, 10, 11, 12, 13, 14, 
3: 0, 3, 5, 6, 7, 8, 9, 10, 11, 
load chunk: 3-1
load chunk: 3-2
3's current chunk: 6
2's current chunk: 7
2's current chunk: 9
3's current chunk: 7
1: 
2: 4, 5, 6, 7, 8, 9, 10, 11, 12, 13, 14, 
3: 0, 1, 2, 3, 5, 6, 7, 8, 9, 10, 11, 
load chunk: 3-4
2's current chunk: 11
3's current chunk: 8
2's current chunk: 13
3's current chunk: 9
2's current epoch: 8
2's current chunk: 4
1: 
2: 4, 5, 6, 7, 8, 9, 10, 11, 12, 13, 14, 
3: 0, 1, 2, 3, 4, 5, 6, 7, 8, 9, 10, 11, 
load chunk: 2-0
load chunk: 2-1
3's current chunk: 10
2's current chunk: 5
1: 
2: 0, 1, 4, 5, 6, 7, 8, 9, 10, 11, 12, 13, 14, 
3: 0, 1, 2, 3, 4, 5, 6, 7, 8, 9, 10, 11, 
load chunk: 2-2
load chunk: 2-3
2's current chunk: 6
3's current chunk: 11
2's current chunk: 7
3's current chunk: 0
2's current chunk: 8
3's current chunk: 1
2's current chunk: 9
3's current chunk: 2
2's current chunk: 10
2's current chunk: 11
3's current chunk: 4
2's current chunk: 12
3's current epoch: 9
3's current chunk: 0
2's current chunk: 13
3's current chunk: 1
2's current chunk: 14
3's current chunk: 2
2's current chunk: 0
2's current chunk: 1
3's current chunk: 3
2's current chunk: 2
3's current chunk: 4
2's current chunk: 3
3's current chunk: 5
2's current epoch: 9
2's current chunk: 0
3's current chunk: 6
2's current chunk: 1
2's current chunk: 2
3's current chunk: 7
2's current chunk: 3
3's current chunk: 8
2's current chunk: 4
3's current chunk: 9
2's current chunk: 5
3's current chunk: 10
2's current chunk: 6
2's current chunk: 7
3's current chunk: 11
2's current chunk: 8
3-workload runs for 3259809ms
3-workload waits for: 536920ms
2's current chunk: 9
2's current chunk: 10
2's current chunk: 11
2's current chunk: 12
2's current chunk: 13
2's current chunk: 14
2-workload runs for 3391898ms
2-workload waits for: 663600ms
All workloads are finished!
